2019/10/04 00:48:50 Initializing log
2019/10/04 00:48:52 signal: interrupt
2019/10/04 00:48:52 signal: interrupt
2019/10/04 00:49:17 Initializing log
2019/10/04 00:49:22 soy la tarea 1

2019/10/04 00:49:22 soy la tarea 7

2019/10/04 00:49:37 soy la tarea 1

2019/10/04 00:49:37 soy la tarea 7

2019/10/04 00:49:52 soy la tarea 1

2019/10/04 00:49:52 soy la tarea 7

2019/10/04 00:50:07 soy la tarea 1

2019/10/04 00:50:07 soy la tarea 7

2019/10/04 00:53:14 Initializing log
2019/10/04 00:53:19 soy la tarea 1

2019/10/04 00:53:19 soy la tarea 7

2019/10/04 00:53:29 sql: expected 0 arguments, got 1
2019/10/04 00:54:29 Initializing log
2019/10/04 00:54:34 soy la tarea 1

2019/10/04 00:54:34 soy la tarea 7

2019/10/04 00:54:44 sql: expected 0 arguments, got 1
2019/10/04 00:56:37 Initializing log
2019/10/04 00:56:51 soy la tarea 1

2019/10/04 00:56:53 soy la tarea 7

2019/10/04 00:59:09 Initializing log
2019/10/04 00:59:14 soy la tarea 1

2019/10/04 00:59:14 soy la tarea 7

2019/10/04 00:59:24 sql: expected 0 arguments, got 1
2019/10/04 01:00:46 Initializing log
2019/10/04 01:00:51 soy la tarea 1

2019/10/04 01:00:51 soy la tarea 7

2019/10/04 01:01:01 sql: expected 0 arguments, got 1
2019/10/04 01:03:42 Initializing log
2019/10/04 01:03:47 soy la tarea 1

2019/10/04 01:03:47 soy la tarea 7

2019/10/04 01:03:57 sql: expected 0 arguments, got 1
2019/10/04 01:11:26 Initializing log
2019/10/04 01:11:31 soy la tarea 1

2019/10/04 01:11:31 soy la tarea 7

2019/10/04 01:11:42 sql: expected 0 arguments, got 1
2019/10/04 01:13:07 Initializing log
2019/10/04 01:13:12 soy la tarea 1

2019/10/04 01:13:12 soy la tarea 7

2019/10/04 01:13:24 soy la tarea 3

2019/10/04 01:13:27 soy la tarea 2

2019/10/04 01:13:39 soy la tarea 4

2019/10/04 01:13:39 soy la tarea 5

2019/10/04 01:13:39 soy la tarea 6

2019/10/04 01:13:49 All tasks finished
